2018-12-20 16:48:40 - PHP Notice:  Undefined index: text1 in /home/c/cn08183/public_html/system/storage/modification/catalog/controller/extension/module/slideshow.php on line 22
2018-12-20 16:48:40 - PHP Notice:  Undefined index: text2 in /home/c/cn08183/public_html/system/storage/modification/catalog/controller/extension/module/slideshow.php on line 23
2018-12-20 16:48:40 - PHP Notice:  Undefined index: text3 in /home/c/cn08183/public_html/system/storage/modification/catalog/controller/extension/module/slideshow.php on line 24
2018-12-20 16:48:40 - PHP Notice:  Undefined index: text1 in /home/c/cn08183/public_html/system/storage/modification/catalog/controller/extension/module/slideshow.php on line 22
2018-12-20 16:48:40 - PHP Notice:  Undefined index: text2 in /home/c/cn08183/public_html/system/storage/modification/catalog/controller/extension/module/slideshow.php on line 23
2018-12-20 16:48:40 - PHP Notice:  Undefined index: text3 in /home/c/cn08183/public_html/system/storage/modification/catalog/controller/extension/module/slideshow.php on line 24
2018-12-20 16:48:40 - PHP Notice:  Undefined index: text1 in /home/c/cn08183/public_html/system/storage/modification/catalog/controller/extension/module/carousel.php on line 22
2018-12-20 16:48:40 - PHP Notice:  Undefined index: text2 in /home/c/cn08183/public_html/system/storage/modification/catalog/controller/extension/module/carousel.php on line 23
2018-12-20 16:48:40 - PHP Notice:  Undefined index: text3 in /home/c/cn08183/public_html/system/storage/modification/catalog/controller/extension/module/carousel.php on line 24
2018-12-20 16:48:40 - PHP Notice:  Undefined index: text1 in /home/c/cn08183/public_html/system/storage/modification/catalog/controller/extension/module/carousel.php on line 22
2018-12-20 16:48:40 - PHP Notice:  Undefined index: text2 in /home/c/cn08183/public_html/system/storage/modification/catalog/controller/extension/module/carousel.php on line 23
2018-12-20 16:48:40 - PHP Notice:  Undefined index: text3 in /home/c/cn08183/public_html/system/storage/modification/catalog/controller/extension/module/carousel.php on line 24
2018-12-20 16:48:40 - PHP Notice:  Undefined index: text1 in /home/c/cn08183/public_html/system/storage/modification/catalog/controller/extension/module/carousel.php on line 22
2018-12-20 16:48:40 - PHP Notice:  Undefined index: text2 in /home/c/cn08183/public_html/system/storage/modification/catalog/controller/extension/module/carousel.php on line 23
2018-12-20 16:48:40 - PHP Notice:  Undefined index: text3 in /home/c/cn08183/public_html/system/storage/modification/catalog/controller/extension/module/carousel.php on line 24
2018-12-20 16:48:40 - PHP Notice:  Undefined index: text1 in /home/c/cn08183/public_html/system/storage/modification/catalog/controller/extension/module/carousel.php on line 22
2018-12-20 16:48:40 - PHP Notice:  Undefined index: text2 in /home/c/cn08183/public_html/system/storage/modification/catalog/controller/extension/module/carousel.php on line 23
2018-12-20 16:48:40 - PHP Notice:  Undefined index: text3 in /home/c/cn08183/public_html/system/storage/modification/catalog/controller/extension/module/carousel.php on line 24
2018-12-20 16:48:40 - PHP Notice:  Undefined index: text1 in /home/c/cn08183/public_html/system/storage/modification/catalog/controller/extension/module/carousel.php on line 22
2018-12-20 16:48:40 - PHP Notice:  Undefined index: text2 in /home/c/cn08183/public_html/system/storage/modification/catalog/controller/extension/module/carousel.php on line 23
2018-12-20 16:48:40 - PHP Notice:  Undefined index: text3 in /home/c/cn08183/public_html/system/storage/modification/catalog/controller/extension/module/carousel.php on line 24
2018-12-20 16:48:40 - PHP Notice:  Undefined index: text1 in /home/c/cn08183/public_html/system/storage/modification/catalog/controller/extension/module/carousel.php on line 22
2018-12-20 16:48:40 - PHP Notice:  Undefined index: text2 in /home/c/cn08183/public_html/system/storage/modification/catalog/controller/extension/module/carousel.php on line 23
2018-12-20 16:48:40 - PHP Notice:  Undefined index: text3 in /home/c/cn08183/public_html/system/storage/modification/catalog/controller/extension/module/carousel.php on line 24
2018-12-20 16:48:40 - PHP Notice:  Undefined index: text1 in /home/c/cn08183/public_html/system/storage/modification/catalog/controller/extension/module/carousel.php on line 22
2018-12-20 16:48:40 - PHP Notice:  Undefined index: text2 in /home/c/cn08183/public_html/system/storage/modification/catalog/controller/extension/module/carousel.php on line 23
2018-12-20 16:48:40 - PHP Notice:  Undefined index: text3 in /home/c/cn08183/public_html/system/storage/modification/catalog/controller/extension/module/carousel.php on line 24
2018-12-20 16:48:40 - PHP Notice:  Undefined index: text1 in /home/c/cn08183/public_html/system/storage/modification/catalog/controller/extension/module/carousel.php on line 22
2018-12-20 16:48:40 - PHP Notice:  Undefined index: text2 in /home/c/cn08183/public_html/system/storage/modification/catalog/controller/extension/module/carousel.php on line 23
2018-12-20 16:48:40 - PHP Notice:  Undefined index: text3 in /home/c/cn08183/public_html/system/storage/modification/catalog/controller/extension/module/carousel.php on line 24
2018-12-20 16:48:40 - PHP Notice:  Undefined index: text1 in /home/c/cn08183/public_html/system/storage/modification/catalog/controller/extension/module/carousel.php on line 22
2018-12-20 16:48:40 - PHP Notice:  Undefined index: text2 in /home/c/cn08183/public_html/system/storage/modification/catalog/controller/extension/module/carousel.php on line 23
2018-12-20 16:48:40 - PHP Notice:  Undefined index: text3 in /home/c/cn08183/public_html/system/storage/modification/catalog/controller/extension/module/carousel.php on line 24
2018-12-20 16:48:40 - PHP Notice:  Undefined index: text1 in /home/c/cn08183/public_html/system/storage/modification/catalog/controller/extension/module/carousel.php on line 22
2018-12-20 16:48:40 - PHP Notice:  Undefined index: text2 in /home/c/cn08183/public_html/system/storage/modification/catalog/controller/extension/module/carousel.php on line 23
2018-12-20 16:48:40 - PHP Notice:  Undefined index: text3 in /home/c/cn08183/public_html/system/storage/modification/catalog/controller/extension/module/carousel.php on line 24
2018-12-20 16:48:40 - PHP Notice:  Undefined index: text1 in /home/c/cn08183/public_html/system/storage/modification/catalog/controller/extension/module/carousel.php on line 22
2018-12-20 16:48:40 - PHP Notice:  Undefined index: text2 in /home/c/cn08183/public_html/system/storage/modification/catalog/controller/extension/module/carousel.php on line 23
2018-12-20 16:48:40 - PHP Notice:  Undefined index: text3 in /home/c/cn08183/public_html/system/storage/modification/catalog/controller/extension/module/carousel.php on line 24
2018-12-20 17:02:03 - PHP Notice:  Undefined index: href in /home/c/cn08183/public_html/catalog/view/theme/default/template/checkout/onepagecheckout.tpl on line 57
2018-12-20 17:04:08 - PHP Notice:  Undefined index: href in /home/c/cn08183/public_html/catalog/view/theme/default/template/checkout/onepagecheckout.tpl on line 57
2018-12-20 17:05:19 - PHP Notice:  Undefined index: href in /home/c/cn08183/public_html/catalog/view/theme/default/template/checkout/onepagecheckout.tpl on line 57
2018-12-20 17:14:23 - PHP Notice:  Undefined index: href in /home/c/cn08183/public_html/catalog/view/theme/default/template/checkout/onepagecheckout.tpl on line 57
2018-12-31 8:49:54 - PHP Notice:  Undefined variable: text_contact in C:\xampp_vhost\strojka\web\catalog\view\theme\default\template\common\header.tpl on line 60
2018-12-31 8:51:04 - PHP Notice:  Undefined variable: text_contact in C:\xampp_vhost\strojka\web\catalog\view\theme\default\template\common\header.tpl on line 60
2018-12-31 8:51:10 - PHP Notice:  Undefined variable: text_contact in C:\xampp_vhost\strojka\web\catalog\view\theme\default\template\common\header.tpl on line 60
2018-12-31 9:49:00 - PHP Notice:  Undefined variable: home in C:\xampp_vhost\strojka\web\catalog\view\theme\default\template\common\footer.tpl on line 8
2018-12-31 9:49:00 - PHP Notice:  Undefined variable: logo in C:\xampp_vhost\strojka\web\catalog\view\theme\default\template\common\footer.tpl on line 8
2018-12-31 9:49:00 - PHP Notice:  Undefined variable: name in C:\xampp_vhost\strojka\web\catalog\view\theme\default\template\common\footer.tpl on line 8
2018-12-31 9:49:00 - PHP Notice:  Undefined variable: name in C:\xampp_vhost\strojka\web\catalog\view\theme\default\template\common\footer.tpl on line 8
2018-12-31 9:49:50 - PHP Notice:  Undefined variable: home in C:\xampp_vhost\strojka\web\catalog\view\theme\default\template\common\footer.tpl on line 15
2018-12-31 9:49:50 - PHP Notice:  Undefined variable: name in C:\xampp_vhost\strojka\web\catalog\view\theme\default\template\common\footer.tpl on line 15
2018-12-31 9:49:50 - PHP Notice:  Undefined variable: name in C:\xampp_vhost\strojka\web\catalog\view\theme\default\template\common\footer.tpl on line 15
2018-12-31 9:50:24 - PHP Notice:  Undefined variable: home in C:\xampp_vhost\strojka\web\catalog\view\theme\default\template\common\footer.tpl on line 16
2019-01-02 13:22:04 - PHP Notice:  Undefined variable: info in C:\xampp_vhost\strojka\web\catalog\view\theme\default\template\common\home.tpl on line 369
2019-01-02 13:22:04 - PHP Notice:  Undefined variable: info in C:\xampp_vhost\strojka\web\catalog\view\theme\default\template\common\home.tpl on line 369
2019-01-02 13:22:04 - PHP Notice:  Undefined variable: info in C:\xampp_vhost\strojka\web\catalog\view\theme\default\template\common\home.tpl on line 369
2019-01-02 13:22:04 - PHP Notice:  Undefined variable: info in C:\xampp_vhost\strojka\web\catalog\view\theme\default\template\common\home.tpl on line 369
2019-01-02 14:05:35 - PHP Notice:  Undefined index: val in C:\xampp_vhost\strojka\web\catalog\view\theme\default\template\common\home.tpl on line 444
2019-01-02 14:05:35 - PHP Notice:  Undefined index: key in C:\xampp_vhost\strojka\web\catalog\view\theme\default\template\common\home.tpl on line 444
2019-01-02 14:05:35 - PHP Notice:  Undefined index: val in C:\xampp_vhost\strojka\web\catalog\view\theme\default\template\common\home.tpl on line 444
2019-01-02 14:05:35 - PHP Notice:  Undefined index: key in C:\xampp_vhost\strojka\web\catalog\view\theme\default\template\common\home.tpl on line 444
2019-01-02 14:05:35 - PHP Notice:  Undefined index: val in C:\xampp_vhost\strojka\web\catalog\view\theme\default\template\common\home.tpl on line 444
2019-01-02 14:05:35 - PHP Notice:  Undefined index: key in C:\xampp_vhost\strojka\web\catalog\view\theme\default\template\common\home.tpl on line 444
2019-01-02 14:05:35 - PHP Notice:  Undefined index: val in C:\xampp_vhost\strojka\web\catalog\view\theme\default\template\common\home.tpl on line 444
2019-01-02 14:05:35 - PHP Notice:  Undefined index: key in C:\xampp_vhost\strojka\web\catalog\view\theme\default\template\common\home.tpl on line 444
2019-01-02 14:05:35 - PHP Notice:  Undefined index: val in C:\xampp_vhost\strojka\web\catalog\view\theme\default\template\common\home.tpl on line 444
2019-01-02 14:05:35 - PHP Notice:  Undefined index: key in C:\xampp_vhost\strojka\web\catalog\view\theme\default\template\common\home.tpl on line 444
2019-01-02 14:05:35 - PHP Notice:  Undefined index: val in C:\xampp_vhost\strojka\web\catalog\view\theme\default\template\common\home.tpl on line 444
2019-01-02 14:05:35 - PHP Notice:  Undefined index: key in C:\xampp_vhost\strojka\web\catalog\view\theme\default\template\common\home.tpl on line 444
2019-01-02 14:05:35 - PHP Notice:  Undefined index: val in C:\xampp_vhost\strojka\web\catalog\view\theme\default\template\common\home.tpl on line 444
2019-01-02 14:05:35 - PHP Notice:  Undefined index: key in C:\xampp_vhost\strojka\web\catalog\view\theme\default\template\common\home.tpl on line 444
2019-01-02 14:05:35 - PHP Notice:  Undefined index: val in C:\xampp_vhost\strojka\web\catalog\view\theme\default\template\common\home.tpl on line 444
2019-01-02 14:05:35 - PHP Notice:  Undefined index: key in C:\xampp_vhost\strojka\web\catalog\view\theme\default\template\common\home.tpl on line 444
2019-01-02 14:05:35 - PHP Notice:  Undefined index: val in C:\xampp_vhost\strojka\web\catalog\view\theme\default\template\common\home.tpl on line 444
2019-01-02 14:05:35 - PHP Notice:  Undefined index: key in C:\xampp_vhost\strojka\web\catalog\view\theme\default\template\common\home.tpl on line 444
2019-01-02 14:05:35 - PHP Notice:  Undefined index: val in C:\xampp_vhost\strojka\web\catalog\view\theme\default\template\common\home.tpl on line 444
2019-01-02 14:05:35 - PHP Notice:  Undefined index: key in C:\xampp_vhost\strojka\web\catalog\view\theme\default\template\common\home.tpl on line 444
2019-01-02 14:05:35 - PHP Notice:  Undefined index: val in C:\xampp_vhost\strojka\web\catalog\view\theme\default\template\common\home.tpl on line 444
2019-01-02 14:05:35 - PHP Notice:  Undefined index: key in C:\xampp_vhost\strojka\web\catalog\view\theme\default\template\common\home.tpl on line 444
2019-01-02 14:05:35 - PHP Notice:  Undefined index: val in C:\xampp_vhost\strojka\web\catalog\view\theme\default\template\common\home.tpl on line 444
2019-01-02 14:05:35 - PHP Notice:  Undefined index: key in C:\xampp_vhost\strojka\web\catalog\view\theme\default\template\common\home.tpl on line 444
2019-01-02 14:05:35 - PHP Notice:  Undefined index: val in C:\xampp_vhost\strojka\web\catalog\view\theme\default\template\common\home.tpl on line 444
2019-01-02 14:05:35 - PHP Notice:  Undefined index: key in C:\xampp_vhost\strojka\web\catalog\view\theme\default\template\common\home.tpl on line 444
2019-01-02 14:05:35 - PHP Notice:  Undefined index: val in C:\xampp_vhost\strojka\web\catalog\view\theme\default\template\common\home.tpl on line 444
2019-01-02 14:05:35 - PHP Notice:  Undefined index: key in C:\xampp_vhost\strojka\web\catalog\view\theme\default\template\common\home.tpl on line 444
2019-01-02 14:07:07 - PHP Notice:  Undefined index: val in C:\xampp_vhost\strojka\web\catalog\view\theme\default\template\common\home.tpl on line 444
2019-01-02 14:07:07 - PHP Notice:  Undefined index: key in C:\xampp_vhost\strojka\web\catalog\view\theme\default\template\common\home.tpl on line 444
2019-01-02 14:07:07 - PHP Notice:  Undefined index: val in C:\xampp_vhost\strojka\web\catalog\view\theme\default\template\common\home.tpl on line 444
2019-01-02 14:07:07 - PHP Notice:  Undefined index: key in C:\xampp_vhost\strojka\web\catalog\view\theme\default\template\common\home.tpl on line 444
2019-01-02 14:07:07 - PHP Notice:  Undefined index: val in C:\xampp_vhost\strojka\web\catalog\view\theme\default\template\common\home.tpl on line 444
2019-01-02 14:07:07 - PHP Notice:  Undefined index: key in C:\xampp_vhost\strojka\web\catalog\view\theme\default\template\common\home.tpl on line 444
2019-01-02 14:07:07 - PHP Notice:  Undefined index: val in C:\xampp_vhost\strojka\web\catalog\view\theme\default\template\common\home.tpl on line 444
2019-01-02 14:07:07 - PHP Notice:  Undefined index: key in C:\xampp_vhost\strojka\web\catalog\view\theme\default\template\common\home.tpl on line 444
2019-01-02 14:07:07 - PHP Notice:  Undefined index: val in C:\xampp_vhost\strojka\web\catalog\view\theme\default\template\common\home.tpl on line 444
2019-01-02 14:07:07 - PHP Notice:  Undefined index: key in C:\xampp_vhost\strojka\web\catalog\view\theme\default\template\common\home.tpl on line 444
2019-01-02 14:07:07 - PHP Notice:  Undefined index: val in C:\xampp_vhost\strojka\web\catalog\view\theme\default\template\common\home.tpl on line 444
2019-01-02 14:07:07 - PHP Notice:  Undefined index: key in C:\xampp_vhost\strojka\web\catalog\view\theme\default\template\common\home.tpl on line 444
2019-01-02 14:07:07 - PHP Notice:  Undefined index: val in C:\xampp_vhost\strojka\web\catalog\view\theme\default\template\common\home.tpl on line 444
2019-01-02 14:07:07 - PHP Notice:  Undefined index: key in C:\xampp_vhost\strojka\web\catalog\view\theme\default\template\common\home.tpl on line 444
2019-01-02 14:07:07 - PHP Notice:  Undefined index: val in C:\xampp_vhost\strojka\web\catalog\view\theme\default\template\common\home.tpl on line 444
2019-01-02 14:07:07 - PHP Notice:  Undefined index: key in C:\xampp_vhost\strojka\web\catalog\view\theme\default\template\common\home.tpl on line 444
2019-01-02 14:07:07 - PHP Notice:  Undefined index: val in C:\xampp_vhost\strojka\web\catalog\view\theme\default\template\common\home.tpl on line 444
2019-01-02 14:07:07 - PHP Notice:  Undefined index: key in C:\xampp_vhost\strojka\web\catalog\view\theme\default\template\common\home.tpl on line 444
2019-01-02 14:07:07 - PHP Notice:  Undefined index: val in C:\xampp_vhost\strojka\web\catalog\view\theme\default\template\common\home.tpl on line 444
2019-01-02 14:07:07 - PHP Notice:  Undefined index: key in C:\xampp_vhost\strojka\web\catalog\view\theme\default\template\common\home.tpl on line 444
2019-01-02 14:07:07 - PHP Notice:  Undefined index: val in C:\xampp_vhost\strojka\web\catalog\view\theme\default\template\common\home.tpl on line 444
2019-01-02 14:07:07 - PHP Notice:  Undefined index: key in C:\xampp_vhost\strojka\web\catalog\view\theme\default\template\common\home.tpl on line 444
2019-01-02 14:07:07 - PHP Notice:  Undefined index: val in C:\xampp_vhost\strojka\web\catalog\view\theme\default\template\common\home.tpl on line 444
2019-01-02 14:07:07 - PHP Notice:  Undefined index: key in C:\xampp_vhost\strojka\web\catalog\view\theme\default\template\common\home.tpl on line 444
2019-01-02 14:07:07 - PHP Notice:  Undefined index: val in C:\xampp_vhost\strojka\web\catalog\view\theme\default\template\common\home.tpl on line 444
2019-01-02 14:07:07 - PHP Notice:  Undefined index: key in C:\xampp_vhost\strojka\web\catalog\view\theme\default\template\common\home.tpl on line 444
2019-01-02 14:07:07 - PHP Notice:  Undefined index: val in C:\xampp_vhost\strojka\web\catalog\view\theme\default\template\common\home.tpl on line 444
2019-01-02 14:07:07 - PHP Notice:  Undefined index: key in C:\xampp_vhost\strojka\web\catalog\view\theme\default\template\common\home.tpl on line 444
2019-01-02 14:07:08 - PHP Notice:  Undefined index: val in C:\xampp_vhost\strojka\web\catalog\view\theme\default\template\common\home.tpl on line 444
2019-01-02 14:07:08 - PHP Notice:  Undefined index: key in C:\xampp_vhost\strojka\web\catalog\view\theme\default\template\common\home.tpl on line 444
2019-01-02 14:07:08 - PHP Notice:  Undefined index: val in C:\xampp_vhost\strojka\web\catalog\view\theme\default\template\common\home.tpl on line 444
2019-01-02 14:07:08 - PHP Notice:  Undefined index: key in C:\xampp_vhost\strojka\web\catalog\view\theme\default\template\common\home.tpl on line 444
2019-01-02 14:07:08 - PHP Notice:  Undefined index: val in C:\xampp_vhost\strojka\web\catalog\view\theme\default\template\common\home.tpl on line 444
2019-01-02 14:07:08 - PHP Notice:  Undefined index: key in C:\xampp_vhost\strojka\web\catalog\view\theme\default\template\common\home.tpl on line 444
2019-01-02 14:07:08 - PHP Notice:  Undefined index: val in C:\xampp_vhost\strojka\web\catalog\view\theme\default\template\common\home.tpl on line 444
2019-01-02 14:07:08 - PHP Notice:  Undefined index: key in C:\xampp_vhost\strojka\web\catalog\view\theme\default\template\common\home.tpl on line 444
2019-01-02 14:07:08 - PHP Notice:  Undefined index: val in C:\xampp_vhost\strojka\web\catalog\view\theme\default\template\common\home.tpl on line 444
2019-01-02 14:07:08 - PHP Notice:  Undefined index: key in C:\xampp_vhost\strojka\web\catalog\view\theme\default\template\common\home.tpl on line 444
2019-01-02 14:07:08 - PHP Notice:  Undefined index: val in C:\xampp_vhost\strojka\web\catalog\view\theme\default\template\common\home.tpl on line 444
2019-01-02 14:07:08 - PHP Notice:  Undefined index: key in C:\xampp_vhost\strojka\web\catalog\view\theme\default\template\common\home.tpl on line 444
2019-01-02 14:07:08 - PHP Notice:  Undefined index: val in C:\xampp_vhost\strojka\web\catalog\view\theme\default\template\common\home.tpl on line 444
2019-01-02 14:07:08 - PHP Notice:  Undefined index: key in C:\xampp_vhost\strojka\web\catalog\view\theme\default\template\common\home.tpl on line 444
2019-01-02 14:07:08 - PHP Notice:  Undefined index: val in C:\xampp_vhost\strojka\web\catalog\view\theme\default\template\common\home.tpl on line 444
2019-01-02 14:07:08 - PHP Notice:  Undefined index: key in C:\xampp_vhost\strojka\web\catalog\view\theme\default\template\common\home.tpl on line 444
2019-01-02 14:07:08 - PHP Notice:  Undefined index: val in C:\xampp_vhost\strojka\web\catalog\view\theme\default\template\common\home.tpl on line 444
2019-01-02 14:07:08 - PHP Notice:  Undefined index: key in C:\xampp_vhost\strojka\web\catalog\view\theme\default\template\common\home.tpl on line 444
2019-01-02 14:07:08 - PHP Notice:  Undefined index: val in C:\xampp_vhost\strojka\web\catalog\view\theme\default\template\common\home.tpl on line 444
2019-01-02 14:07:08 - PHP Notice:  Undefined index: key in C:\xampp_vhost\strojka\web\catalog\view\theme\default\template\common\home.tpl on line 444
2019-01-02 14:07:08 - PHP Notice:  Undefined index: val in C:\xampp_vhost\strojka\web\catalog\view\theme\default\template\common\home.tpl on line 444
2019-01-02 14:07:08 - PHP Notice:  Undefined index: key in C:\xampp_vhost\strojka\web\catalog\view\theme\default\template\common\home.tpl on line 444
2019-01-02 14:07:08 - PHP Notice:  Undefined index: val in C:\xampp_vhost\strojka\web\catalog\view\theme\default\template\common\home.tpl on line 444
2019-01-02 14:07:08 - PHP Notice:  Undefined index: key in C:\xampp_vhost\strojka\web\catalog\view\theme\default\template\common\home.tpl on line 444
2019-01-02 14:07:08 - PHP Notice:  Undefined index: val in C:\xampp_vhost\strojka\web\catalog\view\theme\default\template\common\home.tpl on line 444
2019-01-02 14:07:08 - PHP Notice:  Undefined index: key in C:\xampp_vhost\strojka\web\catalog\view\theme\default\template\common\home.tpl on line 444
2019-01-02 14:07:08 - PHP Notice:  Undefined index: val in C:\xampp_vhost\strojka\web\catalog\view\theme\default\template\common\home.tpl on line 444
2019-01-02 14:07:08 - PHP Notice:  Undefined index: key in C:\xampp_vhost\strojka\web\catalog\view\theme\default\template\common\home.tpl on line 444
2019-01-02 14:07:12 - PHP Notice:  Undefined index: val in C:\xampp_vhost\strojka\web\catalog\view\theme\default\template\common\home.tpl on line 444
2019-01-02 14:07:12 - PHP Notice:  Undefined index: key in C:\xampp_vhost\strojka\web\catalog\view\theme\default\template\common\home.tpl on line 444
2019-01-02 14:07:12 - PHP Notice:  Undefined index: val in C:\xampp_vhost\strojka\web\catalog\view\theme\default\template\common\home.tpl on line 444
2019-01-02 14:07:12 - PHP Notice:  Undefined index: key in C:\xampp_vhost\strojka\web\catalog\view\theme\default\template\common\home.tpl on line 444
2019-01-02 14:07:12 - PHP Notice:  Undefined index: val in C:\xampp_vhost\strojka\web\catalog\view\theme\default\template\common\home.tpl on line 444
2019-01-02 14:07:12 - PHP Notice:  Undefined index: key in C:\xampp_vhost\strojka\web\catalog\view\theme\default\template\common\home.tpl on line 444
2019-01-02 14:07:12 - PHP Notice:  Undefined index: val in C:\xampp_vhost\strojka\web\catalog\view\theme\default\template\common\home.tpl on line 444
2019-01-02 14:07:12 - PHP Notice:  Undefined index: key in C:\xampp_vhost\strojka\web\catalog\view\theme\default\template\common\home.tpl on line 444
2019-01-02 14:07:12 - PHP Notice:  Undefined index: val in C:\xampp_vhost\strojka\web\catalog\view\theme\default\template\common\home.tpl on line 444
2019-01-02 14:07:12 - PHP Notice:  Undefined index: key in C:\xampp_vhost\strojka\web\catalog\view\theme\default\template\common\home.tpl on line 444
2019-01-02 14:07:12 - PHP Notice:  Undefined index: val in C:\xampp_vhost\strojka\web\catalog\view\theme\default\template\common\home.tpl on line 444
2019-01-02 14:07:12 - PHP Notice:  Undefined index: key in C:\xampp_vhost\strojka\web\catalog\view\theme\default\template\common\home.tpl on line 444
2019-01-02 14:07:12 - PHP Notice:  Undefined index: val in C:\xampp_vhost\strojka\web\catalog\view\theme\default\template\common\home.tpl on line 444
2019-01-02 14:07:12 - PHP Notice:  Undefined index: key in C:\xampp_vhost\strojka\web\catalog\view\theme\default\template\common\home.tpl on line 444
2019-01-02 14:07:12 - PHP Notice:  Undefined index: val in C:\xampp_vhost\strojka\web\catalog\view\theme\default\template\common\home.tpl on line 444
2019-01-02 14:07:12 - PHP Notice:  Undefined index: key in C:\xampp_vhost\strojka\web\catalog\view\theme\default\template\common\home.tpl on line 444
2019-01-02 14:07:12 - PHP Notice:  Undefined index: val in C:\xampp_vhost\strojka\web\catalog\view\theme\default\template\common\home.tpl on line 444
2019-01-02 14:07:12 - PHP Notice:  Undefined index: key in C:\xampp_vhost\strojka\web\catalog\view\theme\default\template\common\home.tpl on line 444
2019-01-02 14:07:12 - PHP Notice:  Undefined index: val in C:\xampp_vhost\strojka\web\catalog\view\theme\default\template\common\home.tpl on line 444
2019-01-02 14:07:12 - PHP Notice:  Undefined index: key in C:\xampp_vhost\strojka\web\catalog\view\theme\default\template\common\home.tpl on line 444
2019-01-02 14:07:12 - PHP Notice:  Undefined index: val in C:\xampp_vhost\strojka\web\catalog\view\theme\default\template\common\home.tpl on line 444
2019-01-02 14:07:12 - PHP Notice:  Undefined index: key in C:\xampp_vhost\strojka\web\catalog\view\theme\default\template\common\home.tpl on line 444
2019-01-02 14:07:12 - PHP Notice:  Undefined index: val in C:\xampp_vhost\strojka\web\catalog\view\theme\default\template\common\home.tpl on line 444
2019-01-02 14:07:12 - PHP Notice:  Undefined index: key in C:\xampp_vhost\strojka\web\catalog\view\theme\default\template\common\home.tpl on line 444
2019-01-02 14:07:12 - PHP Notice:  Undefined index: val in C:\xampp_vhost\strojka\web\catalog\view\theme\default\template\common\home.tpl on line 444
2019-01-02 14:07:12 - PHP Notice:  Undefined index: key in C:\xampp_vhost\strojka\web\catalog\view\theme\default\template\common\home.tpl on line 444
2019-01-02 14:07:12 - PHP Notice:  Undefined index: val in C:\xampp_vhost\strojka\web\catalog\view\theme\default\template\common\home.tpl on line 444
2019-01-02 14:07:12 - PHP Notice:  Undefined index: key in C:\xampp_vhost\strojka\web\catalog\view\theme\default\template\common\home.tpl on line 444
2019-01-02 14:09:24 - PHP Notice:  Undefined index: val in C:\xampp_vhost\strojka\web\catalog\view\theme\default\template\common\home.tpl on line 444
2019-01-02 14:09:24 - PHP Notice:  Undefined index: key in C:\xampp_vhost\strojka\web\catalog\view\theme\default\template\common\home.tpl on line 444
2019-01-02 14:09:24 - PHP Notice:  Undefined index: val in C:\xampp_vhost\strojka\web\catalog\view\theme\default\template\common\home.tpl on line 444
2019-01-02 14:09:24 - PHP Notice:  Undefined index: key in C:\xampp_vhost\strojka\web\catalog\view\theme\default\template\common\home.tpl on line 444
2019-01-02 14:09:24 - PHP Notice:  Undefined index: val in C:\xampp_vhost\strojka\web\catalog\view\theme\default\template\common\home.tpl on line 444
2019-01-02 14:09:24 - PHP Notice:  Undefined index: key in C:\xampp_vhost\strojka\web\catalog\view\theme\default\template\common\home.tpl on line 444
2019-01-02 14:09:24 - PHP Notice:  Undefined index: val in C:\xampp_vhost\strojka\web\catalog\view\theme\default\template\common\home.tpl on line 444
2019-01-02 14:09:24 - PHP Notice:  Undefined index: key in C:\xampp_vhost\strojka\web\catalog\view\theme\default\template\common\home.tpl on line 444
2019-01-02 14:09:24 - PHP Notice:  Undefined index: val in C:\xampp_vhost\strojka\web\catalog\view\theme\default\template\common\home.tpl on line 444
2019-01-02 14:09:24 - PHP Notice:  Undefined index: key in C:\xampp_vhost\strojka\web\catalog\view\theme\default\template\common\home.tpl on line 444
2019-01-02 14:09:24 - PHP Notice:  Undefined index: val in C:\xampp_vhost\strojka\web\catalog\view\theme\default\template\common\home.tpl on line 444
2019-01-02 14:09:24 - PHP Notice:  Undefined index: key in C:\xampp_vhost\strojka\web\catalog\view\theme\default\template\common\home.tpl on line 444
2019-01-02 14:09:24 - PHP Notice:  Undefined index: val in C:\xampp_vhost\strojka\web\catalog\view\theme\default\template\common\home.tpl on line 444
2019-01-02 14:09:24 - PHP Notice:  Undefined index: key in C:\xampp_vhost\strojka\web\catalog\view\theme\default\template\common\home.tpl on line 444
2019-01-02 14:09:24 - PHP Notice:  Undefined index: val in C:\xampp_vhost\strojka\web\catalog\view\theme\default\template\common\home.tpl on line 444
2019-01-02 14:09:24 - PHP Notice:  Undefined index: key in C:\xampp_vhost\strojka\web\catalog\view\theme\default\template\common\home.tpl on line 444
2019-01-02 14:09:24 - PHP Notice:  Undefined index: val in C:\xampp_vhost\strojka\web\catalog\view\theme\default\template\common\home.tpl on line 444
2019-01-02 14:09:24 - PHP Notice:  Undefined index: key in C:\xampp_vhost\strojka\web\catalog\view\theme\default\template\common\home.tpl on line 444
2019-01-02 14:09:24 - PHP Notice:  Undefined index: val in C:\xampp_vhost\strojka\web\catalog\view\theme\default\template\common\home.tpl on line 444
2019-01-02 14:09:24 - PHP Notice:  Undefined index: key in C:\xampp_vhost\strojka\web\catalog\view\theme\default\template\common\home.tpl on line 444
2019-01-02 14:09:24 - PHP Notice:  Undefined index: val in C:\xampp_vhost\strojka\web\catalog\view\theme\default\template\common\home.tpl on line 444
2019-01-02 14:09:24 - PHP Notice:  Undefined index: key in C:\xampp_vhost\strojka\web\catalog\view\theme\default\template\common\home.tpl on line 444
2019-01-02 14:09:24 - PHP Notice:  Undefined index: val in C:\xampp_vhost\strojka\web\catalog\view\theme\default\template\common\home.tpl on line 444
2019-01-02 14:09:24 - PHP Notice:  Undefined index: key in C:\xampp_vhost\strojka\web\catalog\view\theme\default\template\common\home.tpl on line 444
2019-01-02 14:09:24 - PHP Notice:  Undefined index: val in C:\xampp_vhost\strojka\web\catalog\view\theme\default\template\common\home.tpl on line 444
2019-01-02 14:09:24 - PHP Notice:  Undefined index: key in C:\xampp_vhost\strojka\web\catalog\view\theme\default\template\common\home.tpl on line 444
2019-01-02 14:09:24 - PHP Notice:  Undefined index: val in C:\xampp_vhost\strojka\web\catalog\view\theme\default\template\common\home.tpl on line 444
2019-01-02 14:09:24 - PHP Notice:  Undefined index: key in C:\xampp_vhost\strojka\web\catalog\view\theme\default\template\common\home.tpl on line 444
2019-01-09 10:14:44 - PHP Warning:  count(): Parameter must be an array or an object that implements Countable in C:\xampp_vhost\strojka\web\system\storage\modification\catalog\controller\product\category.php on line 461
2019-01-09 10:23:10 - PHP Warning:  count(): Parameter must be an array or an object that implements Countable in C:\xampp_vhost\strojka\web\system\storage\modification\catalog\controller\product\category.php on line 461
2019-01-09 10:23:14 - PHP Warning:  count(): Parameter must be an array or an object that implements Countable in C:\xampp_vhost\strojka\web\system\storage\modification\catalog\controller\product\category.php on line 461
2019-01-09 10:23:37 - PHP Warning:  count(): Parameter must be an array or an object that implements Countable in C:\xampp_vhost\strojka\web\system\storage\modification\catalog\controller\product\category.php on line 461
2019-01-09 12:18:54 - PHP Warning:  count(): Parameter must be an array or an object that implements Countable in C:\xampp_vhost\strojka\web\system\storage\modification\catalog\controller\product\category.php on line 461
2019-01-09 12:19:22 - PHP Warning:  count(): Parameter must be an array or an object that implements Countable in C:\xampp_vhost\strojka\web\system\storage\modification\catalog\controller\product\category.php on line 461
2019-01-09 12:19:35 - PHP Warning:  count(): Parameter must be an array or an object that implements Countable in C:\xampp_vhost\strojka\web\system\storage\modification\catalog\controller\product\category.php on line 461
2019-01-09 12:19:36 - PHP Warning:  Illegal string offset 'value' in C:\xampp_vhost\strojka\web\system\storage\modification\catalog\view\theme\default\template\product\category.tpl on line 228
2019-01-09 12:19:36 - PHP Warning:  Illegal string offset 'href' in C:\xampp_vhost\strojka\web\system\storage\modification\catalog\view\theme\default\template\product\category.tpl on line 231
2019-01-09 12:19:36 - PHP Warning:  Illegal string offset 'text' in C:\xampp_vhost\strojka\web\system\storage\modification\catalog\view\theme\default\template\product\category.tpl on line 231
2019-01-09 12:19:36 - PHP Warning:  Illegal string offset 'value' in C:\xampp_vhost\strojka\web\system\storage\modification\catalog\view\theme\default\template\product\category.tpl on line 228
2019-01-09 12:19:36 - PHP Warning:  Illegal string offset 'href' in C:\xampp_vhost\strojka\web\system\storage\modification\catalog\view\theme\default\template\product\category.tpl on line 231
2019-01-09 12:19:36 - PHP Warning:  Illegal string offset 'text' in C:\xampp_vhost\strojka\web\system\storage\modification\catalog\view\theme\default\template\product\category.tpl on line 231
2019-01-09 12:19:36 - PHP Warning:  Illegal string offset 'value' in C:\xampp_vhost\strojka\web\system\storage\modification\catalog\view\theme\default\template\product\category.tpl on line 228
2019-01-09 12:19:36 - PHP Warning:  Illegal string offset 'href' in C:\xampp_vhost\strojka\web\system\storage\modification\catalog\view\theme\default\template\product\category.tpl on line 231
2019-01-09 12:19:36 - PHP Warning:  Illegal string offset 'text' in C:\xampp_vhost\strojka\web\system\storage\modification\catalog\view\theme\default\template\product\category.tpl on line 231
2019-01-09 12:19:36 - PHP Warning:  Illegal string offset 'value' in C:\xampp_vhost\strojka\web\system\storage\modification\catalog\view\theme\default\template\product\category.tpl on line 242
2019-01-09 12:19:36 - PHP Warning:  Illegal string offset 'href' in C:\xampp_vhost\strojka\web\system\storage\modification\catalog\view\theme\default\template\product\category.tpl on line 245
2019-01-09 12:19:36 - PHP Warning:  Illegal string offset 'text' in C:\xampp_vhost\strojka\web\system\storage\modification\catalog\view\theme\default\template\product\category.tpl on line 245
2019-01-09 14:13:50 - PHP Warning:  count(): Parameter must be an array or an object that implements Countable in C:\xampp_vhost\strojka\web\system\storage\modification\catalog\controller\product\category.php on line 461
2019-01-09 14:13:50 - PHP Warning:  Illegal string offset 'value' in C:\xampp_vhost\strojka\web\system\storage\modification\catalog\view\theme\default\template\product\category.tpl on line 249
2019-01-09 14:13:50 - PHP Warning:  Illegal string offset 'href' in C:\xampp_vhost\strojka\web\system\storage\modification\catalog\view\theme\default\template\product\category.tpl on line 252
2019-01-09 14:13:50 - PHP Warning:  Illegal string offset 'text' in C:\xampp_vhost\strojka\web\system\storage\modification\catalog\view\theme\default\template\product\category.tpl on line 252
2019-01-09 14:13:50 - PHP Warning:  Illegal string offset 'value' in C:\xampp_vhost\strojka\web\system\storage\modification\catalog\view\theme\default\template\product\category.tpl on line 249
2019-01-09 14:13:50 - PHP Warning:  Illegal string offset 'href' in C:\xampp_vhost\strojka\web\system\storage\modification\catalog\view\theme\default\template\product\category.tpl on line 252
2019-01-09 14:13:50 - PHP Warning:  Illegal string offset 'text' in C:\xampp_vhost\strojka\web\system\storage\modification\catalog\view\theme\default\template\product\category.tpl on line 252
2019-01-09 14:13:50 - PHP Warning:  Illegal string offset 'value' in C:\xampp_vhost\strojka\web\system\storage\modification\catalog\view\theme\default\template\product\category.tpl on line 249
2019-01-09 14:13:50 - PHP Warning:  Illegal string offset 'href' in C:\xampp_vhost\strojka\web\system\storage\modification\catalog\view\theme\default\template\product\category.tpl on line 252
2019-01-09 14:13:50 - PHP Warning:  Illegal string offset 'text' in C:\xampp_vhost\strojka\web\system\storage\modification\catalog\view\theme\default\template\product\category.tpl on line 252
2019-01-09 14:13:50 - PHP Warning:  Illegal string offset 'value' in C:\xampp_vhost\strojka\web\system\storage\modification\catalog\view\theme\default\template\product\category.tpl on line 263
2019-01-09 14:13:50 - PHP Warning:  Illegal string offset 'href' in C:\xampp_vhost\strojka\web\system\storage\modification\catalog\view\theme\default\template\product\category.tpl on line 266
2019-01-09 14:13:50 - PHP Warning:  Illegal string offset 'text' in C:\xampp_vhost\strojka\web\system\storage\modification\catalog\view\theme\default\template\product\category.tpl on line 266
2019-01-09 14:15:08 - PHP Warning:  count(): Parameter must be an array or an object that implements Countable in C:\xampp_vhost\strojka\web\system\storage\modification\catalog\controller\product\category.php on line 461
2019-01-09 14:15:08 - PHP Warning:  Illegal string offset 'value' in C:\xampp_vhost\strojka\web\system\storage\modification\catalog\view\theme\default\template\product\category.tpl on line 249
2019-01-09 14:15:08 - PHP Warning:  Illegal string offset 'href' in C:\xampp_vhost\strojka\web\system\storage\modification\catalog\view\theme\default\template\product\category.tpl on line 252
2019-01-09 14:15:08 - PHP Warning:  Illegal string offset 'text' in C:\xampp_vhost\strojka\web\system\storage\modification\catalog\view\theme\default\template\product\category.tpl on line 252
2019-01-09 14:15:08 - PHP Warning:  Illegal string offset 'value' in C:\xampp_vhost\strojka\web\system\storage\modification\catalog\view\theme\default\template\product\category.tpl on line 249
2019-01-09 14:15:08 - PHP Warning:  Illegal string offset 'href' in C:\xampp_vhost\strojka\web\system\storage\modification\catalog\view\theme\default\template\product\category.tpl on line 252
2019-01-09 14:15:08 - PHP Warning:  Illegal string offset 'text' in C:\xampp_vhost\strojka\web\system\storage\modification\catalog\view\theme\default\template\product\category.tpl on line 252
2019-01-09 14:15:08 - PHP Warning:  Illegal string offset 'value' in C:\xampp_vhost\strojka\web\system\storage\modification\catalog\view\theme\default\template\product\category.tpl on line 249
2019-01-09 14:15:08 - PHP Warning:  Illegal string offset 'href' in C:\xampp_vhost\strojka\web\system\storage\modification\catalog\view\theme\default\template\product\category.tpl on line 252
2019-01-09 14:15:08 - PHP Warning:  Illegal string offset 'text' in C:\xampp_vhost\strojka\web\system\storage\modification\catalog\view\theme\default\template\product\category.tpl on line 252
2019-01-09 14:15:08 - PHP Warning:  Illegal string offset 'value' in C:\xampp_vhost\strojka\web\system\storage\modification\catalog\view\theme\default\template\product\category.tpl on line 263
2019-01-09 14:15:08 - PHP Warning:  Illegal string offset 'href' in C:\xampp_vhost\strojka\web\system\storage\modification\catalog\view\theme\default\template\product\category.tpl on line 266
2019-01-09 14:15:08 - PHP Warning:  Illegal string offset 'text' in C:\xampp_vhost\strojka\web\system\storage\modification\catalog\view\theme\default\template\product\category.tpl on line 266
2019-01-09 14:19:16 - PHP Warning:  count(): Parameter must be an array or an object that implements Countable in C:\xampp_vhost\strojka\web\system\storage\modification\catalog\controller\product\category.php on line 461
2019-01-09 14:19:16 - PHP Warning:  Illegal string offset 'value' in C:\xampp_vhost\strojka\web\system\storage\modification\catalog\view\theme\default\template\product\category.tpl on line 249
2019-01-09 14:19:16 - PHP Warning:  Illegal string offset 'href' in C:\xampp_vhost\strojka\web\system\storage\modification\catalog\view\theme\default\template\product\category.tpl on line 252
2019-01-09 14:19:16 - PHP Warning:  Illegal string offset 'text' in C:\xampp_vhost\strojka\web\system\storage\modification\catalog\view\theme\default\template\product\category.tpl on line 252
2019-01-09 14:19:16 - PHP Warning:  Illegal string offset 'value' in C:\xampp_vhost\strojka\web\system\storage\modification\catalog\view\theme\default\template\product\category.tpl on line 249
2019-01-09 14:19:16 - PHP Warning:  Illegal string offset 'href' in C:\xampp_vhost\strojka\web\system\storage\modification\catalog\view\theme\default\template\product\category.tpl on line 252
2019-01-09 14:19:16 - PHP Warning:  Illegal string offset 'text' in C:\xampp_vhost\strojka\web\system\storage\modification\catalog\view\theme\default\template\product\category.tpl on line 252
2019-01-09 14:19:16 - PHP Warning:  Illegal string offset 'value' in C:\xampp_vhost\strojka\web\system\storage\modification\catalog\view\theme\default\template\product\category.tpl on line 249
2019-01-09 14:19:16 - PHP Warning:  Illegal string offset 'href' in C:\xampp_vhost\strojka\web\system\storage\modification\catalog\view\theme\default\template\product\category.tpl on line 252
2019-01-09 14:19:16 - PHP Warning:  Illegal string offset 'text' in C:\xampp_vhost\strojka\web\system\storage\modification\catalog\view\theme\default\template\product\category.tpl on line 252
2019-01-09 14:19:16 - PHP Warning:  Illegal string offset 'value' in C:\xampp_vhost\strojka\web\system\storage\modification\catalog\view\theme\default\template\product\category.tpl on line 263
2019-01-09 14:19:16 - PHP Warning:  Illegal string offset 'href' in C:\xampp_vhost\strojka\web\system\storage\modification\catalog\view\theme\default\template\product\category.tpl on line 266
2019-01-09 14:19:16 - PHP Warning:  Illegal string offset 'text' in C:\xampp_vhost\strojka\web\system\storage\modification\catalog\view\theme\default\template\product\category.tpl on line 266
2019-01-09 14:19:37 - PHP Warning:  count(): Parameter must be an array or an object that implements Countable in C:\xampp_vhost\strojka\web\system\storage\modification\catalog\controller\product\category.php on line 461
2019-01-09 14:19:37 - PHP Warning:  Illegal string offset 'value' in C:\xampp_vhost\strojka\web\system\storage\modification\catalog\view\theme\default\template\product\category.tpl on line 251
2019-01-09 14:19:37 - PHP Warning:  Illegal string offset 'href' in C:\xampp_vhost\strojka\web\system\storage\modification\catalog\view\theme\default\template\product\category.tpl on line 254
2019-01-09 14:19:37 - PHP Warning:  Illegal string offset 'text' in C:\xampp_vhost\strojka\web\system\storage\modification\catalog\view\theme\default\template\product\category.tpl on line 254
2019-01-09 14:19:37 - PHP Warning:  Illegal string offset 'value' in C:\xampp_vhost\strojka\web\system\storage\modification\catalog\view\theme\default\template\product\category.tpl on line 251
2019-01-09 14:19:37 - PHP Warning:  Illegal string offset 'href' in C:\xampp_vhost\strojka\web\system\storage\modification\catalog\view\theme\default\template\product\category.tpl on line 254
2019-01-09 14:19:37 - PHP Warning:  Illegal string offset 'text' in C:\xampp_vhost\strojka\web\system\storage\modification\catalog\view\theme\default\template\product\category.tpl on line 254
2019-01-09 14:19:37 - PHP Warning:  Illegal string offset 'value' in C:\xampp_vhost\strojka\web\system\storage\modification\catalog\view\theme\default\template\product\category.tpl on line 251
2019-01-09 14:19:37 - PHP Warning:  Illegal string offset 'href' in C:\xampp_vhost\strojka\web\system\storage\modification\catalog\view\theme\default\template\product\category.tpl on line 254
2019-01-09 14:19:37 - PHP Warning:  Illegal string offset 'text' in C:\xampp_vhost\strojka\web\system\storage\modification\catalog\view\theme\default\template\product\category.tpl on line 254
2019-01-09 14:19:37 - PHP Warning:  Illegal string offset 'value' in C:\xampp_vhost\strojka\web\system\storage\modification\catalog\view\theme\default\template\product\category.tpl on line 265
2019-01-09 14:19:37 - PHP Warning:  Illegal string offset 'href' in C:\xampp_vhost\strojka\web\system\storage\modification\catalog\view\theme\default\template\product\category.tpl on line 268
2019-01-09 14:19:37 - PHP Warning:  Illegal string offset 'text' in C:\xampp_vhost\strojka\web\system\storage\modification\catalog\view\theme\default\template\product\category.tpl on line 268
2019-01-09 14:19:47 - PHP Warning:  count(): Parameter must be an array or an object that implements Countable in C:\xampp_vhost\strojka\web\system\storage\modification\catalog\controller\product\category.php on line 461
2019-01-09 14:19:47 - PHP Warning:  Illegal string offset 'value' in C:\xampp_vhost\strojka\web\system\storage\modification\catalog\view\theme\default\template\product\category.tpl on line 251
2019-01-09 14:19:47 - PHP Warning:  Illegal string offset 'href' in C:\xampp_vhost\strojka\web\system\storage\modification\catalog\view\theme\default\template\product\category.tpl on line 254
2019-01-09 14:19:47 - PHP Warning:  Illegal string offset 'text' in C:\xampp_vhost\strojka\web\system\storage\modification\catalog\view\theme\default\template\product\category.tpl on line 254
2019-01-09 14:19:47 - PHP Warning:  Illegal string offset 'value' in C:\xampp_vhost\strojka\web\system\storage\modification\catalog\view\theme\default\template\product\category.tpl on line 251
2019-01-09 14:19:47 - PHP Warning:  Illegal string offset 'href' in C:\xampp_vhost\strojka\web\system\storage\modification\catalog\view\theme\default\template\product\category.tpl on line 254
2019-01-09 14:19:47 - PHP Warning:  Illegal string offset 'text' in C:\xampp_vhost\strojka\web\system\storage\modification\catalog\view\theme\default\template\product\category.tpl on line 254
2019-01-09 14:19:47 - PHP Warning:  Illegal string offset 'value' in C:\xampp_vhost\strojka\web\system\storage\modification\catalog\view\theme\default\template\product\category.tpl on line 251
2019-01-09 14:19:47 - PHP Warning:  Illegal string offset 'href' in C:\xampp_vhost\strojka\web\system\storage\modification\catalog\view\theme\default\template\product\category.tpl on line 254
2019-01-09 14:19:47 - PHP Warning:  Illegal string offset 'text' in C:\xampp_vhost\strojka\web\system\storage\modification\catalog\view\theme\default\template\product\category.tpl on line 254
2019-01-09 14:19:47 - PHP Warning:  Illegal string offset 'value' in C:\xampp_vhost\strojka\web\system\storage\modification\catalog\view\theme\default\template\product\category.tpl on line 265
2019-01-09 14:19:47 - PHP Warning:  Illegal string offset 'href' in C:\xampp_vhost\strojka\web\system\storage\modification\catalog\view\theme\default\template\product\category.tpl on line 268
2019-01-09 14:19:47 - PHP Warning:  Illegal string offset 'text' in C:\xampp_vhost\strojka\web\system\storage\modification\catalog\view\theme\default\template\product\category.tpl on line 268
2019-01-09 14:22:57 - PHP Warning:  count(): Parameter must be an array or an object that implements Countable in C:\xampp_vhost\strojka\web\system\storage\modification\catalog\controller\product\category.php on line 461
2019-01-09 14:22:58 - PHP Warning:  Illegal string offset 'value' in C:\xampp_vhost\strojka\web\system\storage\modification\catalog\view\theme\default\template\product\category.tpl on line 251
2019-01-09 14:22:58 - PHP Warning:  Illegal string offset 'href' in C:\xampp_vhost\strojka\web\system\storage\modification\catalog\view\theme\default\template\product\category.tpl on line 254
2019-01-09 14:22:58 - PHP Warning:  Illegal string offset 'text' in C:\xampp_vhost\strojka\web\system\storage\modification\catalog\view\theme\default\template\product\category.tpl on line 254
2019-01-09 14:22:58 - PHP Warning:  Illegal string offset 'value' in C:\xampp_vhost\strojka\web\system\storage\modification\catalog\view\theme\default\template\product\category.tpl on line 251
2019-01-09 14:22:58 - PHP Warning:  Illegal string offset 'href' in C:\xampp_vhost\strojka\web\system\storage\modification\catalog\view\theme\default\template\product\category.tpl on line 254
2019-01-09 14:22:58 - PHP Warning:  Illegal string offset 'text' in C:\xampp_vhost\strojka\web\system\storage\modification\catalog\view\theme\default\template\product\category.tpl on line 254
2019-01-09 14:22:58 - PHP Warning:  Illegal string offset 'value' in C:\xampp_vhost\strojka\web\system\storage\modification\catalog\view\theme\default\template\product\category.tpl on line 251
2019-01-09 14:22:58 - PHP Warning:  Illegal string offset 'href' in C:\xampp_vhost\strojka\web\system\storage\modification\catalog\view\theme\default\template\product\category.tpl on line 254
2019-01-09 14:22:58 - PHP Warning:  Illegal string offset 'text' in C:\xampp_vhost\strojka\web\system\storage\modification\catalog\view\theme\default\template\product\category.tpl on line 254
2019-01-09 14:22:58 - PHP Warning:  Illegal string offset 'value' in C:\xampp_vhost\strojka\web\system\storage\modification\catalog\view\theme\default\template\product\category.tpl on line 265
2019-01-09 14:22:58 - PHP Warning:  Illegal string offset 'href' in C:\xampp_vhost\strojka\web\system\storage\modification\catalog\view\theme\default\template\product\category.tpl on line 268
2019-01-09 14:22:58 - PHP Warning:  Illegal string offset 'text' in C:\xampp_vhost\strojka\web\system\storage\modification\catalog\view\theme\default\template\product\category.tpl on line 268
2019-01-09 15:43:50 - PHP Warning:  count(): Parameter must be an array or an object that implements Countable in C:\xampp_vhost\strojka\web\system\storage\modification\catalog\controller\product\category.php on line 461
2019-01-09 15:43:50 - PHP Warning:  Illegal string offset 'value' in C:\xampp_vhost\strojka\web\system\storage\modification\catalog\view\theme\default\template\product\category.tpl on line 242
2019-01-09 15:43:50 - PHP Warning:  Illegal string offset 'href' in C:\xampp_vhost\strojka\web\system\storage\modification\catalog\view\theme\default\template\product\category.tpl on line 245
2019-01-09 15:43:50 - PHP Warning:  Illegal string offset 'text' in C:\xampp_vhost\strojka\web\system\storage\modification\catalog\view\theme\default\template\product\category.tpl on line 245
2019-01-09 15:43:50 - PHP Warning:  Illegal string offset 'value' in C:\xampp_vhost\strojka\web\system\storage\modification\catalog\view\theme\default\template\product\category.tpl on line 242
2019-01-09 15:43:50 - PHP Warning:  Illegal string offset 'href' in C:\xampp_vhost\strojka\web\system\storage\modification\catalog\view\theme\default\template\product\category.tpl on line 245
2019-01-09 15:43:50 - PHP Warning:  Illegal string offset 'text' in C:\xampp_vhost\strojka\web\system\storage\modification\catalog\view\theme\default\template\product\category.tpl on line 245
2019-01-09 15:43:50 - PHP Warning:  Illegal string offset 'value' in C:\xampp_vhost\strojka\web\system\storage\modification\catalog\view\theme\default\template\product\category.tpl on line 242
2019-01-09 15:43:50 - PHP Warning:  Illegal string offset 'href' in C:\xampp_vhost\strojka\web\system\storage\modification\catalog\view\theme\default\template\product\category.tpl on line 245
2019-01-09 15:43:50 - PHP Warning:  Illegal string offset 'text' in C:\xampp_vhost\strojka\web\system\storage\modification\catalog\view\theme\default\template\product\category.tpl on line 245
2019-01-09 15:43:50 - PHP Warning:  Illegal string offset 'value' in C:\xampp_vhost\strojka\web\system\storage\modification\catalog\view\theme\default\template\product\category.tpl on line 256
2019-01-09 15:43:50 - PHP Warning:  Illegal string offset 'href' in C:\xampp_vhost\strojka\web\system\storage\modification\catalog\view\theme\default\template\product\category.tpl on line 259
2019-01-09 15:43:50 - PHP Warning:  Illegal string offset 'text' in C:\xampp_vhost\strojka\web\system\storage\modification\catalog\view\theme\default\template\product\category.tpl on line 259
2019-01-09 15:50:27 - PHP Warning:  count(): Parameter must be an array or an object that implements Countable in C:\xampp_vhost\strojka\web\system\storage\modification\catalog\controller\product\category.php on line 461
2019-01-09 15:51:20 - PHP Warning:  count(): Parameter must be an array or an object that implements Countable in C:\xampp_vhost\strojka\web\system\storage\modification\catalog\controller\product\category.php on line 461
2019-01-09 15:52:41 - PHP Warning:  count(): Parameter must be an array or an object that implements Countable in C:\xampp_vhost\strojka\web\system\storage\modification\catalog\controller\product\category.php on line 461
2019-01-09 15:53:57 - PHP Warning:  count(): Parameter must be an array or an object that implements Countable in C:\xampp_vhost\strojka\web\system\storage\modification\catalog\controller\product\category.php on line 461
